<?xml version="1.0" encoding="UTF-8"?>
<testng-results ignored="0" total="1" passed="1" failed="0" skipped="0">
  <reporter-output>
  </reporter-output>
  <suite started-at="2021-06-01T15:23:09Z" name="Roche Suite" finished-at="2021-06-01T15:23:26Z" duration-ms="16622">
    <groups>
      <group name="Regressions">
        <method signature="RocheLoginTest.Login(java.util.Map)[pri:1, instance:com.htc.features.RocheLoginTest@7b7fdc8]" name="Login" class="com.htc.features.RocheLoginTest"/>
      </group> <!-- Regressions -->
      <group name="AfterLogin">
        <method signature="RocheLoginTest.Login(java.util.Map)[pri:1, instance:com.htc.features.RocheLoginTest@7b7fdc8]" name="Login" class="com.htc.features.RocheLoginTest"/>
      </group> <!-- AfterLogin -->
    </groups>
    <test started-at="2021-06-01T15:23:09Z" name="RocheLoginTest" finished-at="2021-06-01T15:23:26Z" duration-ms="16622">
      <class name="com.htc.features.RocheLoginTest">
        <test-method is-config="true" signature="initializeBrowser()[pri:0, instance:com.htc.features.RocheLoginTest@7b7fdc8]" started-at="2021-06-01T15:23:09Z" name="initializeBrowser" finished-at="2021-06-01T15:23:12Z" duration-ms="2834" status="PASS">
          <reporter-output>
          </reporter-output>
        </test-method> <!-- initializeBrowser -->
        <test-method is-config="true" signature="beforeMethodSetup(org.testng.ITestResult)[pri:0, instance:com.htc.features.RocheLoginTest@7b7fdc8]" started-at="2021-06-01T15:23:12Z" name="beforeMethodSetup" finished-at="2021-06-01T15:23:18Z" duration-ms="6091" status="PASS">
          <params>
            <param index="0">
              <value>
                <![CDATA[[TestResult name=Login status=SUCCESS method=RocheLoginTest.Login(java.util.Map)[pri:1, instance:com.htc.features.RocheLoginTest@7b7fdc8] output={null}]]]>
              </value>
            </param>
          </params>
          <reporter-output>
          </reporter-output>
        </test-method> <!-- beforeMethodSetup -->
        <test-method signature="Login(java.util.Map)[pri:1, instance:com.htc.features.RocheLoginTest@7b7fdc8]" started-at="2021-06-01T15:23:18Z" name="Login" data-provider="csv" finished-at="2021-06-01T15:23:24Z" duration-ms="6102" status="PASS">
          <params>
            <param index="0">
              <value>
                <![CDATA[{TestClassName=com.htc.features.RocheLoginTest, TestDescription=htc-com, TestCaseName=RocheLogin, url=remoteaccess.roche.net, TestCaseNo=1}]]>
              </value>
            </param>
          </params>
          <reporter-output>
          </reporter-output>
        </test-method> <!-- Login -->
        <test-method is-config="true" signature="tearDown(org.testng.ITestContext)[pri:0, instance:com.htc.features.RocheLoginTest@7b7fdc8]" started-at="2021-06-01T15:23:25Z" name="tearDown" finished-at="2021-06-01T15:23:26Z" duration-ms="717" status="PASS">
          <params>
            <param index="0">
              <value>
                <![CDATA[org.testng.TestRunner@441cc260]]>
              </value>
            </param>
          </params>
          <reporter-output>
          </reporter-output>
        </test-method> <!-- tearDown -->
      </class> <!-- com.htc.features.RocheLoginTest -->
    </test> <!-- RocheLoginTest -->
  </suite> <!-- Roche Suite -->
</testng-results>
